(carnd-term1) ciaran@ciaran-XPS-13-9360:sdc_term_1_proj_5$ python -i obj_detection.py                                     
Loading all features and labels...
Loaded, extracted features, scaled and labeled 17,760 images, 8,792 cars and 8,968 not cars
Starting GridSearchCV on subset of length 5000...
Fitting 5 folds for each of 12 candidates, totalling 60 fits
[CV] C=1, kernel=linear ..............................................
[CV] ..... C=1, kernel=linear, score=0.9425717852684145, total=  11.0s
[Parallel(n_jobs=1)]: Done   1 out of   1 | elapsed:   17.3s remaining:    0.0s
[CV] C=1, kernel=linear ..............................................
[CV] ................ C=1, kernel=linear, score=0.92875, total=  11.0s
[Parallel(n_jobs=1)]: Done   2 out of   2 | elapsed:   34.7s remaining:    0.0s
[CV] C=1, kernel=linear ..............................................
[CV] ................ C=1, kernel=linear, score=0.93875, total=  10.7s
[Parallel(n_jobs=1)]: Done   3 out of   3 | elapsed:   51.7s remaining:    0.0s
[CV] C=1, kernel=linear ..............................................
[CV] ................ C=1, kernel=linear, score=0.95125, total=  11.5s
[Parallel(n_jobs=1)]: Done   4 out of   4 | elapsed:  1.2min remaining:    0.0s
[CV] C=1, kernel=linear ..............................................
[CV] ..... C=1, kernel=linear, score=0.9449311639549437, total=  11.5s
[Parallel(n_jobs=1)]: Done   5 out of   5 | elapsed:  1.5min remaining:    0.0s
[CV] C=10, kernel=linear .............................................
[CV] .... C=10, kernel=linear, score=0.9425717852684145, total=  10.9s
[Parallel(n_jobs=1)]: Done   6 out of   6 | elapsed:  1.8min remaining:    0.0s
[CV] C=10, kernel=linear .............................................
[CV] ............... C=10, kernel=linear, score=0.92875, total=  11.0s
[Parallel(n_jobs=1)]: Done   7 out of   7 | elapsed:  2.0min remaining:    0.0s
[CV] C=10, kernel=linear .............................................
[CV] ............... C=10, kernel=linear, score=0.93875, total=  10.7s
[Parallel(n_jobs=1)]: Done   8 out of   8 | elapsed:  2.3min remaining:    0.0s
[CV] C=10, kernel=linear .............................................
[CV] ............... C=10, kernel=linear, score=0.95125, total=  11.5s
[CV] C=10, kernel=linear .............................................
[CV] .... C=10, kernel=linear, score=0.9449311639549437, total=  11.5s
[CV] C=100, kernel=linear ............................................
[CV] ... C=100, kernel=linear, score=0.9425717852684145, total=  11.0s
[CV] C=100, kernel=linear ............................................
[CV] .............. C=100, kernel=linear, score=0.92875, total=  11.0s
[CV] C=100, kernel=linear ............................................
[CV] .............. C=100, kernel=linear, score=0.93875, total=  10.7s
[CV] C=100, kernel=linear ............................................
[CV] .............. C=100, kernel=linear, score=0.95125, total=  11.4s
[CV] C=100, kernel=linear ............................................
[CV] ... C=100, kernel=linear, score=0.9449311639549437, total=  11.5s
[CV] C=1000, kernel=linear ...........................................
[CV] .. C=1000, kernel=linear, score=0.9425717852684145, total=  10.9s
[CV] C=1000, kernel=linear ...........................................
[CV] ............. C=1000, kernel=linear, score=0.92875, total=  12.2s
[CV] C=1000, kernel=linear ...........................................
[CV] ............. C=1000, kernel=linear, score=0.93875, total=  10.3s
[CV] C=1000, kernel=linear ...........................................
[CV] ............. C=1000, kernel=linear, score=0.95125, total=  10.9s
[CV] C=1000, kernel=linear ...........................................
[CV] .. C=1000, kernel=linear, score=0.9449311639549437, total=  11.0s
[CV] gamma=0.001, C=1, kernel=rbf ....................................
[CV]  gamma=0.001, C=1, kernel=rbf, score=0.9662921348314607, total=  50.4s
[CV] gamma=0.001, C=1, kernel=rbf ....................................
[CV] ...... gamma=0.001, C=1, kernel=rbf, score=0.96125, total=  28.6s
[CV] gamma=0.001, C=1, kernel=rbf ....................................
[CV] ...... gamma=0.001, C=1, kernel=rbf, score=0.95125, total=  35.6s
[CV] gamma=0.001, C=1, kernel=rbf ....................................
[CV] ....... gamma=0.001, C=1, kernel=rbf, score=0.9675, total=  38.6s
[CV] gamma=0.001, C=1, kernel=rbf ....................................
[CV]  gamma=0.001, C=1, kernel=rbf, score=0.9662077596996246, total=  37.6s
[CV] gamma=0.0001, C=1, kernel=rbf ...................................
[CV]  gamma=0.0001, C=1, kernel=rbf, score=0.9600499375780275, total=  18.4s
[CV] gamma=0.0001, C=1, kernel=rbf ...................................
[CV] ...... gamma=0.0001, C=1, kernel=rbf, score=0.9325, total=  17.8s
[CV] gamma=0.0001, C=1, kernel=rbf ...................................
[CV] ...... gamma=0.0001, C=1, kernel=rbf, score=0.9375, total=  17.8s
[CV] gamma=0.0001, C=1, kernel=rbf ...................................
[CV] ..... gamma=0.0001, C=1, kernel=rbf, score=0.95875, total=  18.3s
[CV] gamma=0.0001, C=1, kernel=rbf ...................................
[CV]  gamma=0.0001, C=1, kernel=rbf, score=0.9436795994993742, total=  18.0s
[CV] gamma=0.001, C=10, kernel=rbf ...................................
[CV]  gamma=0.001, C=10, kernel=rbf, score=0.9712858926342073, total=  40.6s
[CV] gamma=0.001, C=10, kernel=rbf ...................................
[CV] ..... gamma=0.001, C=10, kernel=rbf, score=0.96625, total=  37.6s
[CV] gamma=0.001, C=10, kernel=rbf ...................................
[CV] ...... gamma=0.001, C=10, kernel=rbf, score=0.9575, total=  37.4s
[CV] gamma=0.001, C=10, kernel=rbf ...................................
[CV] ........ gamma=0.001, C=10, kernel=rbf, score=0.97, total=  38.2s
[CV] gamma=0.001, C=10, kernel=rbf ...................................
[CV]  gamma=0.001, C=10, kernel=rbf, score=0.9687108886107635, total=  37.8s
[CV] gamma=0.0001, C=10, kernel=rbf ..................................
[CV]  gamma=0.0001, C=10, kernel=rbf, score=0.9737827715355806, total=  11.8s
[CV] gamma=0.0001, C=10, kernel=rbf ..................................
[CV] .... gamma=0.0001, C=10, kernel=rbf, score=0.96875, total=  11.6s
[CV] gamma=0.0001, C=10, kernel=rbf ..................................
[CV] .... gamma=0.0001, C=10, kernel=rbf, score=0.96125, total=  11.5s
[CV] gamma=0.0001, C=10, kernel=rbf ..................................
[CV] .... gamma=0.0001, C=10, kernel=rbf, score=0.98375, total=  11.8s
[CV] gamma=0.0001, C=10, kernel=rbf ..................................
[CV]  gamma=0.0001, C=10, kernel=rbf, score=0.9712140175219024, total=  11.6s
[CV] gamma=0.001, C=100, kernel=rbf ..................................
[CV]  gamma=0.001, C=100, kernel=rbf, score=0.9712858926342073, total=  37.7s
[CV] gamma=0.001, C=100, kernel=rbf ..................................
[CV] .... gamma=0.001, C=100, kernel=rbf, score=0.96625, total=  38.0s
[CV] gamma=0.001, C=100, kernel=rbf ..................................
[CV] ..... gamma=0.001, C=100, kernel=rbf, score=0.9575, total=  37.4s
[CV] gamma=0.001, C=100, kernel=rbf ..................................
[CV] ....... gamma=0.001, C=100, kernel=rbf, score=0.97, total=  38.1s
[CV] gamma=0.001, C=100, kernel=rbf ..................................
[CV]  gamma=0.001, C=100, kernel=rbf, score=0.9687108886107635, total=  37.7s
[CV] gamma=0.0001, C=100, kernel=rbf .................................
[CV]  gamma=0.0001, C=100, kernel=rbf, score=0.9637952559300874, total=  10.6s
[CV] gamma=0.0001, C=100, kernel=rbf .................................
[CV] ... gamma=0.0001, C=100, kernel=rbf, score=0.97125, total=  11.0s
[CV] gamma=0.0001, C=100, kernel=rbf .................................
[CV] .... gamma=0.0001, C=100, kernel=rbf, score=0.9625, total=  10.8s
[CV] gamma=0.0001, C=100, kernel=rbf .................................
[CV] ..... gamma=0.0001, C=100, kernel=rbf, score=0.985, total=  11.2s
[CV] gamma=0.0001, C=100, kernel=rbf .................................
[CV]  gamma=0.0001, C=100, kernel=rbf, score=0.9687108886107635, total=  10.8s
[CV] gamma=0.001, C=1000, kernel=rbf .................................
[CV]  gamma=0.001, C=1000, kernel=rbf, score=0.9712858926342073, total=  37.7s
[CV] gamma=0.001, C=1000, kernel=rbf .................................
[CV] ... gamma=0.001, C=1000, kernel=rbf, score=0.96625, total=  37.6s
[CV] gamma=0.001, C=1000, kernel=rbf .................................
[CV] .... gamma=0.001, C=1000, kernel=rbf, score=0.9575, total=  37.5s
[CV] gamma=0.001, C=1000, kernel=rbf .................................
[CV] ...... gamma=0.001, C=1000, kernel=rbf, score=0.97, total=  38.1s
[CV] gamma=0.001, C=1000, kernel=rbf .................................
[CV]  gamma=0.001, C=1000, kernel=rbf, score=0.9687108886107635, total=  37.7s
[CV] gamma=0.0001, C=1000, kernel=rbf ................................
[CV]  gamma=0.0001, C=1000, kernel=rbf, score=0.9625468164794008, total=  10.5s
[CV] gamma=0.0001, C=1000, kernel=rbf ................................
[CV] .. gamma=0.0001, C=1000, kernel=rbf, score=0.97125, total=  11.1s
[CV] gamma=0.0001, C=1000, kernel=rbf ................................
[CV] ... gamma=0.0001, C=1000, kernel=rbf, score=0.9625, total=  10.8s
[CV] gamma=0.0001, C=1000, kernel=rbf ................................
[CV] .. gamma=0.0001, C=1000, kernel=rbf, score=0.98375, total=  11.2s
[CV] gamma=0.0001, C=1000, kernel=rbf ................................
[CV]  gamma=0.0001, C=1000, kernel=rbf, score=0.9687108886107635, total=  11.3s
[Parallel(n_jobs=1)]: Done  60 out of  60 | elapsed: 33.7min finished
{'gamma': 0.0001, 'C': 10, 'kernel': 'rbf'}
0.97175
>>> 
>>> 
>>> 
>>> 
>>> clf
GridSearchCV(cv=5, error_score='raise',
       estimator=SVC(C=1, cache_size=200, class_weight=None, coef0=0.0,
  decision_function_shape='ovr', degree=3, gamma='auto', kernel='rbf',
  max_iter=-1, probability=False, random_state=None, shrinking=True,
  tol=0.001, verbose=False),
       fit_params=None, iid=True, n_jobs=1,
       param_grid=[{'C': [1, 10, 100, 1000], 'kernel': ['linear']}, {'gamma': [0.001, 0.0001], 'C': [1, 10, 100, 1000], 'k
ernel': ['rbf']}],
       pre_dispatch='2*n_jobs', refit=True, return_train_score=True,
       scoring='accuracy', verbose=9)
>>> 

