(carnd-term1) ciaran@ciaran-XPS-13-9360:sdc_term_1_proj_5$ python ./obj_detection.py -t all -s model2.pkl && python ./obj_detection.py -v project_video.mp4 -o tmp.mp4 -c model2.pkl -g >/dev/null
!!! WARNING !!! Previous model (model2.pkl) to be overwritten.
Loading features and labels...
Checking that all images have the same size, dtype and range...
  All images are consistent!
  Total number of images: 16792 cars and 15573 non-cars
  Image size: (64, 64, 3), data type: float32
  Pixel value range: (0, 255)
  File type counts: {'png': 20365, 'jpg': 12000}
Loaded, extracted features, scaled and labeled 20,610 images, 5,037 cars and 15,573 not cars
StandardScaler was pickled to model2_scaler.pkl
Fitting data...
Fitting 3 folds for each of 14 candidates, totalling 42 fits
[CV] kernel=linear, C=0.001 ..........................................
[CV] .. kernel=linear, C=0.001, score=0.973440058213571, total= 6.1min
[Parallel(n_jobs=1)]: Done   1 out of   1 | elapsed:  7.2min remaining:    0.0s
[CV] kernel=linear, C=0.001 ..........................................
[CV] . kernel=linear, C=0.001, score=0.9721615720524017, total= 5.6min
[Parallel(n_jobs=1)]: Done   2 out of   2 | elapsed: 13.6min remaining:    0.0s
[CV] kernel=linear, C=0.001 ..........................................
[CV] . kernel=linear, C=0.001, score=0.9743403093721565, total= 5.6min
[Parallel(n_jobs=1)]: Done   3 out of   3 | elapsed: 20.1min remaining:    0.0s
[CV] kernel=linear, C=0.01 ...........................................
[CV] .. kernel=linear, C=0.01, score=0.9768964889939967, total= 4.2min
[Parallel(n_jobs=1)]: Done   4 out of   4 | elapsed: 24.9min remaining:    0.0s
[CV] kernel=linear, C=0.01 ...........................................
[CV] .. kernel=linear, C=0.01, score=0.9732532751091703, total= 4.3min
[Parallel(n_jobs=1)]: Done   5 out of   5 | elapsed: 29.8min remaining:    0.0s
[CV] kernel=linear, C=0.01 ...........................................
[CV] .. kernel=linear, C=0.01, score=0.9787079162875342, total= 4.5min
[Parallel(n_jobs=1)]: Done   6 out of   6 | elapsed: 34.9min remaining:    0.0s
[CV] kernel=linear, C=1 ..............................................
[CV] ..... kernel=linear, C=1, score=0.9705293796616337, total= 4.2min
[Parallel(n_jobs=1)]: Done   7 out of   7 | elapsed: 39.6min remaining:    0.0s
[CV] kernel=linear, C=1 ..............................................
[CV] ..... kernel=linear, C=1, score=0.9685225618631732, total= 3.9min
[Parallel(n_jobs=1)]: Done   8 out of   8 | elapsed: 44.0min remaining:    0.0s
[CV] kernel=linear, C=1 ..............................................
[CV] ..... kernel=linear, C=1, score=0.9688808007279345, total= 4.0min
[CV] kernel=linear, C=10 .............................................
[CV] .... kernel=linear, C=10, score=0.9705293796616337, total= 4.1min
[CV] kernel=linear, C=10 .............................................
[CV] .... kernel=linear, C=10, score=0.9685225618631732, total= 3.9min
[CV] kernel=linear, C=10 .............................................
[CV] .... kernel=linear, C=10, score=0.9688808007279345, total= 4.0min
[CV] gamma=0.001, kernel=rbf, C=0.001 ................................
[CV]  gamma=0.001, kernel=rbf, C=0.001, score=0.7573221757322176, total=18.1min
[CV] gamma=0.001, kernel=rbf, C=0.001 ................................
[CV]  gamma=0.001, kernel=rbf, C=0.001, score=0.7574599708879185, total=17.7min
[CV] gamma=0.001, kernel=rbf, C=0.001 ................................
[CV]  gamma=0.001, kernel=rbf, C=0.001, score=0.7574158325750683, total=18.6min
[CV] gamma=0.0001, kernel=rbf, C=0.001 ...............................
[CV]  gamma=0.0001, kernel=rbf, C=0.001, score=0.7573221757322176, total=17.3min
[CV] gamma=0.0001, kernel=rbf, C=0.001 ...............................
[CV]  gamma=0.0001, kernel=rbf, C=0.001, score=0.7574599708879185, total=17.2min
[CV] gamma=0.0001, kernel=rbf, C=0.001 ...............................
[CV]  gamma=0.0001, kernel=rbf, C=0.001, score=0.7574158325750683, total=17.3min
[CV] gamma=0.001, kernel=rbf, C=0.001 ................................
[CV]  gamma=0.001, kernel=rbf, C=0.001, score=0.7573221757322176, total=17.3min
[CV] gamma=0.001, kernel=rbf, C=0.001 ................................
[CV]  gamma=0.001, kernel=rbf, C=0.001, score=0.7574599708879185, total=17.4min
[CV] gamma=0.001, kernel=rbf, C=0.001 ................................
[CV]  gamma=0.001, kernel=rbf, C=0.001, score=0.7574158325750683, total=17.3min
[CV] gamma=0.0001, kernel=rbf, C=0.001 ...............................
[CV]  gamma=0.0001, kernel=rbf, C=0.001, score=0.7573221757322176, total=17.3min
[CV] gamma=0.0001, kernel=rbf, C=0.001 ...............................
[CV]  gamma=0.0001, kernel=rbf, C=0.001, score=0.7574599708879185, total=17.4min
[CV] gamma=0.0001, kernel=rbf, C=0.001 ...............................
[CV]  gamma=0.0001, kernel=rbf, C=0.001, score=0.7574158325750683, total=17.2min
[CV] gamma=0.001, kernel=rbf, C=1 ....................................
[CV]  gamma=0.001, kernel=rbf, C=1, score=0.9836274331453521, total= 9.0min
[CV] gamma=0.001, kernel=rbf, C=1 ....................................
[CV]  gamma=0.001, kernel=rbf, C=1, score=0.9841703056768559, total= 8.9min
[CV] gamma=0.001, kernel=rbf, C=1 ....................................
[CV]  gamma=0.001, kernel=rbf, C=1, score=0.9870791628753413, total= 9.0min
[CV] gamma=0.0001, kernel=rbf, C=1 ...................................
[CV]  gamma=0.0001, kernel=rbf, C=1, score=0.9623430962343096, total= 8.4min
[CV] gamma=0.0001, kernel=rbf, C=1 ...................................
[CV]  gamma=0.0001, kernel=rbf, C=1, score=0.9619723435225619, total= 8.3min
[CV] gamma=0.0001, kernel=rbf, C=1 ...................................
[CV]  gamma=0.0001, kernel=rbf, C=1, score=0.9650591446769791, total= 8.4min
[CV] gamma=0.001, kernel=rbf, C=10 ...................................
[CV]  gamma=0.001, kernel=rbf, C=10, score=0.9869019465162816, total= 8.5min
[CV] gamma=0.001, kernel=rbf, C=10 ...................................
[CV]  gamma=0.001, kernel=rbf, C=10, score=0.9890829694323144, total= 8.4min
[CV] gamma=0.001, kernel=rbf, C=10 ...................................
[CV]  gamma=0.001, kernel=rbf, C=10, score=0.9899909008189263, total= 8.6min
[CV] gamma=0.0001, kernel=rbf, C=10 ..................................
[CV]  gamma=0.0001, kernel=rbf, C=10, score=0.9843551027833364, total= 4.8min
[CV] gamma=0.0001, kernel=rbf, C=10 ..................................
[CV]  gamma=0.0001, kernel=rbf, C=10, score=0.9848981077147017, total= 4.9min
[CV] gamma=0.0001, kernel=rbf, C=10 ..................................
[CV]  gamma=0.0001, kernel=rbf, C=10, score=0.9859872611464968, total= 4.9min
[CV] gamma=0.001, kernel=rbf, C=100 ..................................
[CV]  gamma=0.001, kernel=rbf, C=100, score=0.9869019465162816, total= 8.6min
[CV] gamma=0.001, kernel=rbf, C=100 ..................................
[CV]  gamma=0.001, kernel=rbf, C=100, score=0.9890829694323144, total= 8.5min
[CV] gamma=0.001, kernel=rbf, C=100 ..................................
[CV]  gamma=0.001, kernel=rbf, C=100, score=0.9899909008189263, total= 8.6min
[CV] gamma=0.0001, kernel=rbf, C=100 .................................
[CV]  gamma=0.0001, kernel=rbf, C=100, score=0.9845370201928324, total= 3.7min
[CV] gamma=0.0001, kernel=rbf, C=100 .................................
[CV]  gamma=0.0001, kernel=rbf, C=100, score=0.9872634643377002, total= 3.7min
[CV] gamma=0.0001, kernel=rbf, C=100 .................................
[CV]  gamma=0.0001, kernel=rbf, C=100, score=0.986533212010919, total= 3.8min
[Parallel(n_jobs=1)]: Done  42 out of  42 | elapsed: 456.1min finished
GridSearchCV(cv=3, error_score='raise',
       estimator=SVC(C=1.0, cache_size=200, class_weight=None, coef0=0.0,
  decision_function_shape='ovr', degree=3, gamma='auto', kernel='rbf',
  max_iter=-1, probability=True, random_state=None, shrinking=True,
  tol=0.001, verbose=False),
       fit_params=None, iid=True, n_jobs=1,
       param_grid=[{'kernel': ['linear'], 'C': [0.001, 0.01, 1, 10]}, {'gamma': [0.001, 0.0001], 'kernel': ['rbf'], 'C': [0.001, 0.001, 1, 10, 100]}],
       pre_dispatch='2*n_jobs', refit=True, return_train_score=True,
       scoring=None, verbose=9)
Best Params: {'gamma': 0.001, 'kernel': 'rbf', 'C': 10}
Best Score: 0.988658418243571
Final score on test set: 0.9895681707908782

Model was saved to model2.pkl
100%|████████████████████████████████████████████████████████████████████████████████▉| 1260/1261 [44:48<00:02,  2.13s/it]
(carnd-term1) ciaran@ciaran-XPS-13-9360:sdc_term_1_proj_5$ 

